<test-run id="2" testcasecount="5" result="Passed" start-time="2024-05-27 21:31:40.926889" end-time="2024-05-27 21:31:40.994344" duration="0" total="5" passed="5" failed="0" inconclusive="0" skipped="0" asserts="0" clr-version="3.12.3 (main, Apr 17 2024, 00:00:00) [GCC 14.0.1 20240411 (Red Hat 14.0.1-0)]" engine-version="3.6.2"><command-line>/usr/bin/pytest</command-line><filter /><test-suite id="test_app.py::AppTestCase" name="test_app.py::AppTestCase" fullname="test_app.py::AppTestCase" methodname="" classname="" runstate="Runnable" type="Assembly" testcasecount="5" result="Passed" label="" start-time="2024-05-27 21:31:40.988328" end-time="2024-05-27 21:31:40.994202" duration="0.005874" asserts="0" total="5" passed="5" failed="0" warnings="0" inconclusive="0" skipped="0"><properties><property name="python_version" value="3.12.3 (main, Apr 17 2024, 00:00:00) [GCC 14.0.1 20240411 (Red Hat 14.0.1-0)]" /></properties><test-case id="100" name="test_app.py::AppTestCase::test_env" fullname="test_app.py::AppTestCase::test_env" methodname="test_env" classname="AppTestCase" runstate="Runnable" seed="1" result="Passed" label="" start-time="2024-05-27 21:31:40.988328" end-time="2024-05-27 21:31:40.991208" duration="0.00288" asserts="0"><properties><property name="python-version" value="3.12.3 (main, Apr 17 2024, 00:00:00) [GCC 14.0.1 20240411 (Red Hat 14.0.1-0)]" /><property name="fspath" value="test_app.py" /></properties><environment framework-version="3.6.2" clr-version="3.12.3 (main, Apr 17 2024, 00:00:00) [GCC 14.0.1 20240411 (Red Hat 14.0.1-0)]" os-version="6.8.10-300.fc40.x86_64" platform="Linux" cwd="/home/lucas/source/lucassc/pipelines-ada-maio-2024/aula_2/app" machine-name="x86_64" user="" user-domain="" culture="en_US" uiculture="en_US" os-architecture="64bit" /><failure><message><![CDATA[]]></message><stack-trace><![CDATA[None]]></stack-trace></failure><reason><message><![CDATA[]]></message></reason><output><![CDATA[]]></output></test-case><test-case id="101" name="test_app.py::AppTestCase::test_health" fullname="test_app.py::AppTestCase::test_health" methodname="test_health" classname="AppTestCase" runstate="Runnable" seed="1" result="Passed" label="" start-time="2024-05-27 21:31:40.991504" end-time="2024-05-27 21:31:40.992015" duration="0.000511" asserts="0"><properties><property name="python-version" value="3.12.3 (main, Apr 17 2024, 00:00:00) [GCC 14.0.1 20240411 (Red Hat 14.0.1-0)]" /><property name="fspath" value="test_app.py" /></properties><environment framework-version="3.6.2" clr-version="3.12.3 (main, Apr 17 2024, 00:00:00) [GCC 14.0.1 20240411 (Red Hat 14.0.1-0)]" os-version="6.8.10-300.fc40.x86_64" platform="Linux" cwd="/home/lucas/source/lucassc/pipelines-ada-maio-2024/aula_2/app" machine-name="x86_64" user="" user-domain="" culture="en_US" uiculture="en_US" os-architecture="64bit" /><failure><message><![CDATA[]]></message><stack-trace><![CDATA[None]]></stack-trace></failure><reason><message><![CDATA[]]></message></reason><output><![CDATA[]]></output></test-case><test-case id="102" name="test_app.py::AppTestCase::test_home" fullname="test_app.py::AppTestCase::test_home" methodname="test_home" classname="AppTestCase" runstate="Runnable" seed="1" result="Passed" label="" start-time="2024-05-27 21:31:40.992255" end-time="2024-05-27 21:31:40.992715" duration="0.00046" asserts="0"><properties><property name="python-version" value="3.12.3 (main, Apr 17 2024, 00:00:00) [GCC 14.0.1 20240411 (Red Hat 14.0.1-0)]" /><property name="fspath" value="test_app.py" /></properties><environment framework-version="3.6.2" clr-version="3.12.3 (main, Apr 17 2024, 00:00:00) [GCC 14.0.1 20240411 (Red Hat 14.0.1-0)]" os-version="6.8.10-300.fc40.x86_64" platform="Linux" cwd="/home/lucas/source/lucassc/pipelines-ada-maio-2024/aula_2/app" machine-name="x86_64" user="" user-domain="" culture="en_US" uiculture="en_US" os-architecture="64bit" /><failure><message><![CDATA[]]></message><stack-trace><![CDATA[None]]></stack-trace></failure><reason><message><![CDATA[]]></message></reason><output><![CDATA[]]></output></test-case><test-case id="103" name="test_app.py::AppTestCase::test_ready" fullname="test_app.py::AppTestCase::test_ready" methodname="test_ready" classname="AppTestCase" runstate="Runnable" seed="1" result="Passed" label="" start-time="2024-05-27 21:31:40.992978" end-time="2024-05-27 21:31:40.993498" duration="0.00052" asserts="0"><properties><property name="python-version" value="3.12.3 (main, Apr 17 2024, 00:00:00) [GCC 14.0.1 20240411 (Red Hat 14.0.1-0)]" /><property name="fspath" value="test_app.py" /></properties><environment framework-version="3.6.2" clr-version="3.12.3 (main, Apr 17 2024, 00:00:00) [GCC 14.0.1 20240411 (Red Hat 14.0.1-0)]" os-version="6.8.10-300.fc40.x86_64" platform="Linux" cwd="/home/lucas/source/lucassc/pipelines-ada-maio-2024/aula_2/app" machine-name="x86_64" user="" user-domain="" culture="en_US" uiculture="en_US" os-architecture="64bit" /><failure><message><![CDATA[]]></message><stack-trace><![CDATA[None]]></stack-trace></failure><reason><message><![CDATA[]]></message></reason><output><![CDATA[]]></output></test-case><test-case id="104" name="test_app.py::AppTestCase::test_started" fullname="test_app.py::AppTestCase::test_started" methodname="test_started" classname="AppTestCase" runstate="Runnable" seed="1" result="Passed" label="" start-time="2024-05-27 21:31:40.993709" end-time="2024-05-27 21:31:40.994202" duration="0.000493" asserts="0"><properties><property name="python-version" value="3.12.3 (main, Apr 17 2024, 00:00:00) [GCC 14.0.1 20240411 (Red Hat 14.0.1-0)]" /><property name="fspath" value="test_app.py" /></properties><environment framework-version="3.6.2" clr-version="3.12.3 (main, Apr 17 2024, 00:00:00) [GCC 14.0.1 20240411 (Red Hat 14.0.1-0)]" os-version="6.8.10-300.fc40.x86_64" platform="Linux" cwd="/home/lucas/source/lucassc/pipelines-ada-maio-2024/aula_2/app" machine-name="x86_64" user="" user-domain="" culture="en_US" uiculture="en_US" os-architecture="64bit" /><failure><message><![CDATA[]]></message><stack-trace><![CDATA[None]]></stack-trace></failure><reason><message><![CDATA[]]></message></reason><output><![CDATA[]]></output></test-case><environment framework-version="3.6.2" clr-version="3.12.3 (main, Apr 17 2024, 00:00:00) [GCC 14.0.1 20240411 (Red Hat 14.0.1-0)]" os-version="6.8.10-300.fc40.x86_64" platform="Linux" cwd="/home/lucas/source/lucassc/pipelines-ada-maio-2024/aula_2/app" machine-name="x86_64" user="" user-domain="" culture="en_US" uiculture="en_US" os-architecture="64bit" /></test-suite></test-run>